<?xml version="1.0" encoding="UTF-8" ?>
<testsuite failures="0" time="6.61" errors="0" skipped="0" tests="16" name="jp.co.gmod.manage.service.TableInfoServiceTest">
  <properties>
    <property name="java.runtime.name" value="Java(TM) SE Runtime Environment"/>
    <property name="sun.boot.library.path" value="C:\Program Files\Java\jdk1.6.0_21\jre\bin"/>
    <property name="java.vm.version" value="17.0-b17"/>
    <property name="java.vm.vendor" value="Sun Microsystems Inc."/>
    <property name="java.vendor.url" value="http://java.sun.com/"/>
    <property name="path.separator" value=";"/>
    <property name="java.vm.name" value="Java HotSpot(TM) Client VM"/>
    <property name="file.encoding.pkg" value="sun.io"/>
    <property name="user.country" value="JP"/>
    <property name="sun.java.launcher" value="SUN_STANDARD"/>
    <property name="sun.os.patch.level" value="Service Pack 3"/>
    <property name="java.vm.specification.name" value="Java Virtual Machine Specification"/>
    <property name="user.dir" value="C:\work\ContentsManage"/>
    <property name="java.runtime.version" value="1.6.0_21-b07"/>
    <property name="java.awt.graphicsenv" value="sun.awt.Win32GraphicsEnvironment"/>
    <property name="basedir" value="C:\work\ContentsManage"/>
    <property name="java.endorsed.dirs" value="C:\Program Files\Java\jdk1.6.0_21\jre\lib\endorsed"/>
    <property name="os.arch" value="x86"/>
    <property name="surefire.real.class.path" value="C:\DOCUME~1\che\LOCALS~1\Temp\surefirebooter2039731858912084430.jar"/>
    <property name="java.io.tmpdir" value="C:\DOCUME~1\che\LOCALS~1\Temp\"/>
    <property name="line.separator" value="
"/>
    <property name="java.vm.specification.vendor" value="Sun Microsystems Inc."/>
    <property name="user.variant" value=""/>
    <property name="os.name" value="Windows XP"/>
    <property name="sun.jnu.encoding" value="MS932"/>
    <property name="java.library.path" value="C:\Program Files\Java\jdk1.6.0_21\jre\bin;.;C:\WINDOWS\Sun\Java\bin;C:\WINDOWS\system32;C:\WINDOWS;C:\WINDOWS\system32;C:\WINDOWS;C:\WINDOWS\System32\Wbem;C:\WINDOWS\system32\WindowsPowerShell\v1.0;C:\Program Files\Java\jdk1.6.0_21\bin;C:\Program Files\MySQL\MySQL Server 5.1\bin;C:\apache-maven-2.2.1\bin"/>
    <property name="surefire.test.class.path" value="C:\work\ContentsManage\target\test-classes;C:\work\ContentsManage\src\main\webapp\WEB-INF\classes;C:\Documents and Settings\che\.m2\repository\cglib\cglib-nodep\2.1_3\cglib-nodep-2.1_3.jar;C:\Documents and Settings\che\.m2\repository\org\easymock\easymock\2.4\easymock-2.4.jar;C:\Documents and Settings\che\.m2\repository\org\easymock\easymockclassextension\2.4\easymockclassextension-2.4.jar;C:\Documents and Settings\che\.m2\repository\org\freemarker\freemarker\2.3.13\freemarker-2.3.13.jar;C:\Documents and Settings\che\.m2\repository\org\apache\geronimo\specs\geronimo-jsp_2.0_spec\1.0\geronimo-jsp_2.0_spec-1.0.jar;C:\Documents and Settings\che\.m2\repository\org\apache\geronimo\specs\geronimo-servlet_2.4_spec\1.0\geronimo-servlet_2.4_spec-1.0.jar;C:\Documents and Settings\che\.m2\repository\junit\junit\4.4\junit-4.4.jar;C:\Documents and Settings\che\.m2\repository\junit-addons\junit-addons\1.4\junit-addons-1.4.jar;C:\Documents and Settings\che\.m2\repository\xerces\xercesImpl\2.6.2\xercesImpl-2.6.2.jar;C:\Documents and Settings\che\.m2\repository\xerces\xmlParserAPIs\2.6.2\xmlParserAPIs-2.6.2.jar;C:\Documents and Settings\che\.m2\repository\org\seasar\container\s2jdbc-gen\2.4.41\s2jdbc-gen-2.4.41.jar;C:\Documents and Settings\che\.m2\repository\org\seasar\container\s2-tiger\2.4.41\s2-tiger-2.4.41.jar;C:\Documents and Settings\che\.m2\repository\org\seasar\container\s2-extension\2.4.41\s2-extension-2.4.41.jar;C:\Documents and Settings\che\.m2\repository\org\seasar\container\s2-framework\2.4.41\s2-framework-2.4.41.jar;C:\Documents and Settings\che\.m2\repository\aopalliance\aopalliance\1.0\aopalliance-1.0.jar;C:\Documents and Settings\che\.m2\repository\jboss\javassist\3.4.ga\javassist-3.4.ga.jar;C:\Documents and Settings\che\.m2\repository\ognl\ognl\2.6.9-patch-20090427\ognl-2.6.9-patch-20090427.jar;C:\Documents and Settings\che\.m2\repository\commons-logging\commons-logging\1.1\commons-logging-1.1.jar;C:\Documents and Settings\che\.m2\repository\org\apache\poi\poi\3.0-FINAL\poi-3.0-FINAL.jar;C:\Documents and Settings\che\.m2\repository\org\apache\ant\ant\1.7.0\ant-1.7.0.jar;C:\Documents and Settings\che\.m2\repository\org\apache\ant\ant-launcher\1.7.0\ant-launcher-1.7.0.jar;C:\Documents and Settings\che\.m2\repository\org\tmatesoft\svnkit\svnkit\1.2.0.4949\svnkit-1.2.0.4949.jar;C:\Documents and Settings\che\.m2\repository\antlr\antlr\2.7.7\antlr-2.7.7.jar;C:\Documents and Settings\che\.m2\repository\commons-beanutils\commons-beanutils\1.7.0\commons-beanutils-1.7.0.jar;C:\Documents and Settings\che\.m2\repository\commons-collections\commons-collections\3.1\commons-collections-3.1.jar;C:\Documents and Settings\che\.m2\repository\commons-digester\commons-digester\1.6\commons-digester-1.6.jar;C:\Documents and Settings\che\.m2\repository\commons-el\commons-el\1.0\commons-el-1.0.jar;C:\Documents and Settings\che\.m2\repository\commons-fileupload\commons-fileupload\1.2\commons-fileupload-1.2.jar;C:\Documents and Settings\che\.m2\repository\commons-io\commons-io\1.3.2\commons-io-1.3.2.jar;C:\Documents and Settings\che\.m2\repository\log4j\log4j\1.2.13\log4j-1.2.13.jar;C:\Documents and Settings\che\.m2\repository\commons-validator\commons-validator\1.2.0\commons-validator-1.2.0.jar;C:\Documents and Settings\che\.m2\repository\oro\oro\2.0.8\oro-2.0.8.jar;C:\Documents and Settings\che\.m2\repository\xml-apis\xml-apis\1.0.b2\xml-apis-1.0.b2.jar;C:\Documents and Settings\che\.m2\repository\org\apache\geronimo\specs\geronimo-annotation_1.0_spec\1.0\geronimo-annotation_1.0_spec-1.0.jar;C:\Documents and Settings\che\.m2\repository\org\apache\geronimo\specs\geronimo-ejb_3.0_spec\1.0\geronimo-ejb_3.0_spec-1.0.jar;C:\Documents and Settings\che\.m2\repository\org\apache\geronimo\specs\geronimo-interceptor_3.0_spec\1.0\geronimo-interceptor_3.0_spec-1.0.jar;C:\Documents and Settings\che\.m2\repository\org\apache\geronimo\specs\geronimo-jpa_3.0_spec\1.0\geronimo-jpa_3.0_spec-1.0.jar;C:\Documents and Settings\che\.m2\repository\org\apache\geronimo\specs\geronimo-jta_1.1_spec\1.0\geronimo-jta_1.1_spec-1.0.jar;C:\Documents and Settings\che\.m2\repository\com\h2database\h2\1.0.69\h2-1.0.69.jar;C:\Documents and Settings\che\.m2\repository\taglibs\standard\1.1.2\standard-1.1.2.jar;C:\Documents and Settings\che\.m2\repository\javax\servlet\jstl\1.1.2\jstl-1.1.2.jar;C:\Documents and Settings\che\.m2\repository\org\seasar\sastruts\sa-struts\1.0.4-sp8\sa-struts-1.0.4-sp8.jar;C:\Documents and Settings\che\.m2\repository\struts\struts\1.2.9\struts-1.2.9.jar;C:\Documents and Settings\che\.m2\repository\mysql\mysql-connector-java\5.1.13\mysql-connector-java-5.1.13.jar;C:\Documents and Settings\che\.m2\repository\org\mozilla\juniversalchardet\1.1\juniversalchardet-1.1.jar;C:\Documents and Settings\che\.m2\repository\net\sf\opencsv\opencsv\1.7\opencsv-1.7.jar;"/>
    <property name="java.specification.name" value="Java Platform API Specification"/>
    <property name="java.class.version" value="50.0"/>
    <property name="sun.management.compiler" value="HotSpot Client Compiler"/>
    <property name="os.version" value="5.1"/>
    <property name="user.home" value="C:\Documents and Settings\che"/>
    <property name="user.timezone" value="Asia/Tokyo"/>
    <property name="java.awt.printerjob" value="sun.awt.windows.WPrinterJob"/>
    <property name="java.specification.version" value="1.6"/>
    <property name="file.encoding" value="MS932"/>
    <property name="user.name" value="che"/>
    <property name="java.class.path" value="C:\work\ContentsManage\target\test-classes;C:\work\ContentsManage\src\main\webapp\WEB-INF\classes;C:\Documents and Settings\che\.m2\repository\cglib\cglib-nodep\2.1_3\cglib-nodep-2.1_3.jar;C:\Documents and Settings\che\.m2\repository\org\easymock\easymock\2.4\easymock-2.4.jar;C:\Documents and Settings\che\.m2\repository\org\easymock\easymockclassextension\2.4\easymockclassextension-2.4.jar;C:\Documents and Settings\che\.m2\repository\org\freemarker\freemarker\2.3.13\freemarker-2.3.13.jar;C:\Documents and Settings\che\.m2\repository\org\apache\geronimo\specs\geronimo-jsp_2.0_spec\1.0\geronimo-jsp_2.0_spec-1.0.jar;C:\Documents and Settings\che\.m2\repository\org\apache\geronimo\specs\geronimo-servlet_2.4_spec\1.0\geronimo-servlet_2.4_spec-1.0.jar;C:\Documents and Settings\che\.m2\repository\junit\junit\4.4\junit-4.4.jar;C:\Documents and Settings\che\.m2\repository\junit-addons\junit-addons\1.4\junit-addons-1.4.jar;C:\Documents and Settings\che\.m2\repository\xerces\xercesImpl\2.6.2\xercesImpl-2.6.2.jar;C:\Documents and Settings\che\.m2\repository\xerces\xmlParserAPIs\2.6.2\xmlParserAPIs-2.6.2.jar;C:\Documents and Settings\che\.m2\repository\org\seasar\container\s2jdbc-gen\2.4.41\s2jdbc-gen-2.4.41.jar;C:\Documents and Settings\che\.m2\repository\org\seasar\container\s2-tiger\2.4.41\s2-tiger-2.4.41.jar;C:\Documents and Settings\che\.m2\repository\org\seasar\container\s2-extension\2.4.41\s2-extension-2.4.41.jar;C:\Documents and Settings\che\.m2\repository\org\seasar\container\s2-framework\2.4.41\s2-framework-2.4.41.jar;C:\Documents and Settings\che\.m2\repository\aopalliance\aopalliance\1.0\aopalliance-1.0.jar;C:\Documents and Settings\che\.m2\repository\jboss\javassist\3.4.ga\javassist-3.4.ga.jar;C:\Documents and Settings\che\.m2\repository\ognl\ognl\2.6.9-patch-20090427\ognl-2.6.9-patch-20090427.jar;C:\Documents and Settings\che\.m2\repository\commons-logging\commons-logging\1.1\commons-logging-1.1.jar;C:\Documents and Settings\che\.m2\repository\org\apache\poi\poi\3.0-FINAL\poi-3.0-FINAL.jar;C:\Documents and Settings\che\.m2\repository\org\apache\ant\ant\1.7.0\ant-1.7.0.jar;C:\Documents and Settings\che\.m2\repository\org\apache\ant\ant-launcher\1.7.0\ant-launcher-1.7.0.jar;C:\Documents and Settings\che\.m2\repository\org\tmatesoft\svnkit\svnkit\1.2.0.4949\svnkit-1.2.0.4949.jar;C:\Documents and Settings\che\.m2\repository\antlr\antlr\2.7.7\antlr-2.7.7.jar;C:\Documents and Settings\che\.m2\repository\commons-beanutils\commons-beanutils\1.7.0\commons-beanutils-1.7.0.jar;C:\Documents and Settings\che\.m2\repository\commons-collections\commons-collections\3.1\commons-collections-3.1.jar;C:\Documents and Settings\che\.m2\repository\commons-digester\commons-digester\1.6\commons-digester-1.6.jar;C:\Documents and Settings\che\.m2\repository\commons-el\commons-el\1.0\commons-el-1.0.jar;C:\Documents and Settings\che\.m2\repository\commons-fileupload\commons-fileupload\1.2\commons-fileupload-1.2.jar;C:\Documents and Settings\che\.m2\repository\commons-io\commons-io\1.3.2\commons-io-1.3.2.jar;C:\Documents and Settings\che\.m2\repository\log4j\log4j\1.2.13\log4j-1.2.13.jar;C:\Documents and Settings\che\.m2\repository\commons-validator\commons-validator\1.2.0\commons-validator-1.2.0.jar;C:\Documents and Settings\che\.m2\repository\oro\oro\2.0.8\oro-2.0.8.jar;C:\Documents and Settings\che\.m2\repository\xml-apis\xml-apis\1.0.b2\xml-apis-1.0.b2.jar;C:\Documents and Settings\che\.m2\repository\org\apache\geronimo\specs\geronimo-annotation_1.0_spec\1.0\geronimo-annotation_1.0_spec-1.0.jar;C:\Documents and Settings\che\.m2\repository\org\apache\geronimo\specs\geronimo-ejb_3.0_spec\1.0\geronimo-ejb_3.0_spec-1.0.jar;C:\Documents and Settings\che\.m2\repository\org\apache\geronimo\specs\geronimo-interceptor_3.0_spec\1.0\geronimo-interceptor_3.0_spec-1.0.jar;C:\Documents and Settings\che\.m2\repository\org\apache\geronimo\specs\geronimo-jpa_3.0_spec\1.0\geronimo-jpa_3.0_spec-1.0.jar;C:\Documents and Settings\che\.m2\repository\org\apache\geronimo\specs\geronimo-jta_1.1_spec\1.0\geronimo-jta_1.1_spec-1.0.jar;C:\Documents and Settings\che\.m2\repository\com\h2database\h2\1.0.69\h2-1.0.69.jar;C:\Documents and Settings\che\.m2\repository\taglibs\standard\1.1.2\standard-1.1.2.jar;C:\Documents and Settings\che\.m2\repository\javax\servlet\jstl\1.1.2\jstl-1.1.2.jar;C:\Documents and Settings\che\.m2\repository\org\seasar\sastruts\sa-struts\1.0.4-sp8\sa-struts-1.0.4-sp8.jar;C:\Documents and Settings\che\.m2\repository\struts\struts\1.2.9\struts-1.2.9.jar;C:\Documents and Settings\che\.m2\repository\mysql\mysql-connector-java\5.1.13\mysql-connector-java-5.1.13.jar;C:\Documents and Settings\che\.m2\repository\org\mozilla\juniversalchardet\1.1\juniversalchardet-1.1.jar;C:\Documents and Settings\che\.m2\repository\net\sf\opencsv\opencsv\1.7\opencsv-1.7.jar;"/>
    <property name="java.vm.specification.version" value="1.0"/>
    <property name="sun.arch.data.model" value="32"/>
    <property name="java.home" value="C:\Program Files\Java\jdk1.6.0_21\jre"/>
    <property name="java.specification.vendor" value="Sun Microsystems Inc."/>
    <property name="user.language" value="ja"/>
    <property name="awt.toolkit" value="sun.awt.windows.WToolkit"/>
    <property name="java.vm.info" value="mixed mode, sharing"/>
    <property name="java.version" value="1.6.0_21"/>
    <property name="java.ext.dirs" value="C:\Program Files\Java\jdk1.6.0_21\jre\lib\ext;C:\WINDOWS\Sun\Java\lib\ext"/>
    <property name="sun.boot.class.path" value="C:\Program Files\Java\jdk1.6.0_21\jre\lib\resources.jar;C:\Program Files\Java\jdk1.6.0_21\jre\lib\rt.jar;C:\Program Files\Java\jdk1.6.0_21\jre\lib\sunrsasign.jar;C:\Program Files\Java\jdk1.6.0_21\jre\lib\jsse.jar;C:\Program Files\Java\jdk1.6.0_21\jre\lib\jce.jar;C:\Program Files\Java\jdk1.6.0_21\jre\lib\charsets.jar;C:\Program Files\Java\jdk1.6.0_21\jre\classes"/>
    <property name="java.vendor" value="Sun Microsystems Inc."/>
    <property name="localRepository" value="C:\Documents and Settings\che\.m2\repository"/>
    <property name="file.separator" value="\"/>
    <property name="java.vendor.url.bug" value="http://java.sun.com/cgi-bin/bugreport.cgi"/>
    <property name="sun.cpu.endian" value="little"/>
    <property name="sun.io.unicode.encoding" value="UnicodeLittle"/>
    <property name="sun.desktop" value="windows"/>
    <property name="sun.cpu.isalist" value="pentium_pro+mmx pentium_pro pentium+mmx pentium i486 i386 i86"/>
  </properties>
  <testcase time="0.594" classname="jp.co.gmod.manage.service.TableInfoServiceTest" name="testGetContentsTx"/>
  <testcase time="0.266" classname="jp.co.gmod.manage.service.TableInfoServiceTest" name="testGetContentsByIdListTx"/>
  <testcase time="0.359" classname="jp.co.gmod.manage.service.TableInfoServiceTest" name="testGetTableInfoTx"/>
  <testcase time="0.719" classname="jp.co.gmod.manage.service.TableInfoServiceTest" name="testGetTableDataAllTx"/>
  <testcase time="0.297" classname="jp.co.gmod.manage.service.TableInfoServiceTest" name="testGetTableDataByIdListTx"/>
  <testcase time="0.328" classname="jp.co.gmod.manage.service.TableInfoServiceTest" name="testGetTableDataByIdTx"/>
  <testcase time="0.328" classname="jp.co.gmod.manage.service.TableInfoServiceTest" name="testGetTableDataTx"/>
  <testcase time="0.5" classname="jp.co.gmod.manage.service.TableInfoServiceTest" name="testGetTableDataListTx"/>
  <testcase time="0.297" classname="jp.co.gmod.manage.service.TableInfoServiceTest" name="testGetTableDataList2Tx"/>
  <testcase time="0.312" classname="jp.co.gmod.manage.service.TableInfoServiceTest" name="testGetTableDataListByIndexSearchTx"/>
  <testcase time="0.656" classname="jp.co.gmod.manage.service.TableInfoServiceTest" name="testPublishDataTx"/>
  <testcase time="0.438" classname="jp.co.gmod.manage.service.TableInfoServiceTest" name="testPublishData2Tx"/>
  <testcase time="0.406" classname="jp.co.gmod.manage.service.TableInfoServiceTest" name="testDeleteTableTx"/>
  <testcase time="0.391" classname="jp.co.gmod.manage.service.TableInfoServiceTest" name="testInsertTableTx"/>
  <testcase time="0.328" classname="jp.co.gmod.manage.service.TableInfoServiceTest" name="testUpdateTableTx"/>
  <testcase time="0.391" classname="jp.co.gmod.manage.service.TableInfoServiceTest" name="testImportCsvDataTx"/>
</testsuite>